<?xml version="1.0" encoding="UTF-8" ?>
<testsuite tests="6" failures="1" name="com.WeatherReporting.API.cucumber.Options.TestRunner" time="92.162" errors="0" skipped="0">
  <properties>
[...]
</properties>
  <testcase classname="Validate Weather Report" name="Get weather data from API" time="4.106"/>
  <testcase classname="Validate Weather Report" name="Get weather data from API" time="1.617"/>
  <testcase classname="Validate Weather Report" name="Get weather Report NDTV UI" time="44.237"/>
  <testcase classname="Validate Weather Report" name="Get weather Report NDTV UI" time="42.187"/>
  <testcase classname="Validate Weather Report" name="Compare weather data from API and UI" time="0.006"/>
  <testcase classname="Validate Weather Report" name="Compare weather data from API and UI" time="0.009">
    <failure message="Celcius veriation of Kolkata did not match" type="java.lang.AssertionError">java.lang.AssertionError: Celcius veriation of Kolkata did not match
	at org.junit.Assert.fail(Assert.java:89)
	at org.junit.Assert.assertTrue(Assert.java:42)
	at com.WeatherReporting.API.stepDefinations.CompareVeriation.user_compare_the_veriation(CompareVeriation.java:67)
	at ✽.User compare the veriation(file:///Users/rbakshi1/MyDocs/WeatherReporting/src/test/java/com/WeatherReporting/API/features/weatherReport.feature:28)
</failure>
  </testcase>
</testsuite>